gpasm-0.13.7 beta               arch_io.asm 4-6-2011  14:14:36           PAGE  1


LOC  OBJECT CODE     LINE SOURCE TEXT
  VALUE
 
               00001 ;--------------------------------------------------------
               00002 ; File Created by SDCC : free open source ANSI-C Compiler
               00003 ; Version 3.0.1 #6267 (Mar  7 2011) (Linux)
               00004 ; This file was generated Wed Apr  6 14:14:36 2011
               00005 ;--------------------------------------------------------
               00006 ; PIC16 port for the Microchip 16-bit core micros
               00007 ;--------------------------------------------------------
               00008         list    p=18f4550
               00009 
               00010         radix dec
               00011 
               00012 ;--------------------------------------------------------
               00013 ; public variables in this module
               00014 ;--------------------------------------------------------
               00015         global _arch_io_init
               00016         global _arch_io_get_vin
               00017         global _arch_io_set_vout
               00018         global _arch_io_get_vout
               00019 
               00020 ;--------------------------------------------------------
               00021 ; extern variables in this module
               00022 ;--------------------------------------------------------
               00023         extern _SPPDATAbits
               00024         extern _SPPCFGbits
               00025         extern _SPPEPSbits
               00026         extern _SPPCONbits
               00027         extern _UFRMLbits
               00028         extern _UFRMHbits
               00029         extern _UIRbits
               00030         extern _UIEbits
               00031         extern _UEIRbits
               00032         extern _UEIEbits
               00033         extern _USTATbits
               00034         extern _UCONbits
               00035         extern _UADDRbits
               00036         extern _UCFGbits
               00037         extern _UEP0bits
               00038         extern _UEP1bits
               00039         extern _UEP2bits
               00040         extern _UEP3bits
               00041         extern _UEP4bits
               00042         extern _UEP5bits
               00043         extern _UEP6bits
               00044         extern _UEP7bits
               00045         extern _UEP8bits
               00046         extern _UEP9bits
               00047         extern _UEP10bits
               00048         extern _UEP11bits
               00049         extern _UEP12bits
               00050         extern _UEP13bits
               00051         extern _UEP14bits
               00052         extern _UEP15bits
               00053         extern _PORTAbits
               00054         extern _PORTBbits
gpasm-0.13.7 beta               arch_io.asm 4-6-2011  14:14:36           PAGE  2


LOC  OBJECT CODE     LINE SOURCE TEXT
  VALUE
 
               00055         extern _PORTCbits
               00056         extern _PORTDbits
               00057         extern _PORTEbits
               00058         extern _LATAbits
               00059         extern _LATBbits
               00060         extern _LATCbits
               00061         extern _LATDbits
               00062         extern _LATEbits
               00063         extern _TRISAbits
               00064         extern _TRISBbits
               00065         extern _TRISCbits
               00066         extern _TRISDbits
               00067         extern _TRISEbits
               00068         extern _OSCTUNEbits
               00069         extern _PIE1bits
               00070         extern _PIR1bits
               00071         extern _IPR1bits
               00072         extern _PIE2bits
               00073         extern _PIR2bits
               00074         extern _IPR2bits
               00075         extern _EECON1bits
               00076         extern _RCSTAbits
               00077         extern _TXSTAbits
               00078         extern _T3CONbits
               00079         extern _CMCONbits
               00080         extern _CVRCONbits
               00081         extern _ECCP1ASbits
               00082         extern _ECCP1DELbits
               00083         extern _BAUDCONbits
               00084         extern _CCP2CONbits
               00085         extern _CCP1CONbits
               00086         extern _ADCON2bits
               00087         extern _ADCON1bits
               00088         extern _ADCON0bits
               00089         extern _SSPCON2bits
               00090         extern _SSPCON1bits
               00091         extern _SSPSTATbits
               00092         extern _T2CONbits
               00093         extern _T1CONbits
               00094         extern _RCONbits
               00095         extern _WDTCONbits
               00096         extern _HLVDCONbits
               00097         extern _OSCCONbits
               00098         extern _T0CONbits
               00099         extern _STATUSbits
               00100         extern _FSR2Hbits
               00101         extern _BSRbits
               00102         extern _FSR1Hbits
               00103         extern _FSR0Hbits
               00104         extern _INTCON3bits
               00105         extern _INTCON2bits
               00106         extern _INTCONbits
               00107         extern _TBLPTRUbits
               00108         extern _PCLATHbits
gpasm-0.13.7 beta               arch_io.asm 4-6-2011  14:14:36           PAGE  3


LOC  OBJECT CODE     LINE SOURCE TEXT
  VALUE
 
               00109         extern _PCLATUbits
               00110         extern _STKPTRbits
               00111         extern _TOSUbits
               00112         extern _SPPDATA
               00113         extern _SPPCFG
               00114         extern _SPPEPS
               00115         extern _SPPCON
               00116         extern _UFRML
               00117         extern _UFRMH
               00118         extern _UIR
               00119         extern _UIE
               00120         extern _UEIR
               00121         extern _UEIE
               00122         extern _USTAT
               00123         extern _UCON
               00124         extern _UADDR
               00125         extern _UCFG
               00126         extern _UEP0
               00127         extern _UEP1
               00128         extern _UEP2
               00129         extern _UEP3
               00130         extern _UEP4
               00131         extern _UEP5
               00132         extern _UEP6
               00133         extern _UEP7
               00134         extern _UEP8
               00135         extern _UEP9
               00136         extern _UEP10
               00137         extern _UEP11
               00138         extern _UEP12
               00139         extern _UEP13
               00140         extern _UEP14
               00141         extern _UEP15
               00142         extern _PORTA
               00143         extern _PORTB
               00144         extern _PORTC
               00145         extern _PORTD
               00146         extern _PORTE
               00147         extern _LATA
               00148         extern _LATB
               00149         extern _LATC
               00150         extern _LATD
               00151         extern _LATE
               00152         extern _TRISA
               00153         extern _TRISB
               00154         extern _TRISC
               00155         extern _TRISD
               00156         extern _TRISE
               00157         extern _OSCTUNE
               00158         extern _PIE1
               00159         extern _PIR1
               00160         extern _IPR1
               00161         extern _PIE2
               00162         extern _PIR2
gpasm-0.13.7 beta               arch_io.asm 4-6-2011  14:14:36           PAGE  4


LOC  OBJECT CODE     LINE SOURCE TEXT
  VALUE
 
               00163         extern _IPR2
               00164         extern _EECON1
               00165         extern _EECON2
               00166         extern _EEDATA
               00167         extern _EEADR
               00168         extern _RCSTA
               00169         extern _TXSTA
               00170         extern _TXREG
               00171         extern _RCREG
               00172         extern _SPBRG
               00173         extern _SPBRGH
               00174         extern _T3CON
               00175         extern _TMR3L
               00176         extern _TMR3H
               00177         extern _CMCON
               00178         extern _CVRCON
               00179         extern _ECCP1AS
               00180         extern _ECCP1DEL
               00181         extern _BAUDCON
               00182         extern _CCP2CON
               00183         extern _CCPR2L
               00184         extern _CCPR2H
               00185         extern _CCP1CON
               00186         extern _CCPR1L
               00187         extern _CCPR1H
               00188         extern _ADCON2
               00189         extern _ADCON1
               00190         extern _ADCON0
               00191         extern _ADRESL
               00192         extern _ADRESH
               00193         extern _SSPCON2
               00194         extern _SSPCON1
               00195         extern _SSPSTAT
               00196         extern _SSPADD
               00197         extern _SSPBUF
               00198         extern _T2CON
               00199         extern _PR2
               00200         extern _TMR2
               00201         extern _T1CON
               00202         extern _TMR1L
               00203         extern _TMR1H
               00204         extern _RCON
               00205         extern _WDTCON
               00206         extern _HLVDCON
               00207         extern _OSCCON
               00208         extern _T0CON
               00209         extern _TMR0L
               00210         extern _TMR0H
               00211         extern _STATUS
               00212         extern _FSR2L
               00213         extern _FSR2H
               00214         extern _PLUSW2
               00215         extern _PREINC2
               00216         extern _POSTDEC2
gpasm-0.13.7 beta               arch_io.asm 4-6-2011  14:14:36           PAGE  5


LOC  OBJECT CODE     LINE SOURCE TEXT
  VALUE
 
               00217         extern _POSTINC2
               00218         extern _INDF2
               00219         extern _BSR
               00220         extern _FSR1L
               00221         extern _FSR1H
               00222         extern _PLUSW1
               00223         extern _PREINC1
               00224         extern _POSTDEC1
               00225         extern _POSTINC1
               00226         extern _INDF1
               00227         extern _WREG
               00228         extern _FSR0L
               00229         extern _FSR0H
               00230         extern _PLUSW0
               00231         extern _PREINC0
               00232         extern _POSTDEC0
               00233         extern _POSTINC0
               00234         extern _INDF0
               00235         extern _INTCON3
               00236         extern _INTCON2
               00237         extern _INTCON
               00238         extern _PRODL
               00239         extern _PRODH
               00240         extern _TABLAT
               00241         extern _TBLPTRL
               00242         extern _TBLPTRH
               00243         extern _TBLPTRU
               00244         extern _PCL
               00245         extern _PCLATH
               00246         extern _PCLATU
               00247         extern _STKPTR
               00248         extern _TOSL
               00249         extern _TOSH
               00250         extern _TOSU
               00251 ;--------------------------------------------------------
               00252 ;       Equates to used internal registers
               00253 ;--------------------------------------------------------
  00000FD8     00254 STATUS  equ     0xfd8
  00000FE8     00255 WREG    equ     0xfe8
  00000FE9     00256 FSR0L   equ     0xfe9
  00000FEA     00257 FSR0H   equ     0xfea
  00000FE1     00258 FSR1L   equ     0xfe1
  00000FD9     00259 FSR2L   equ     0xfd9
  00000FEF     00260 INDF0   equ     0xfef
  00000FEE     00261 POSTINC0        equ     0xfee
  00000FE5     00262 POSTDEC1        equ     0xfe5
  00000FE4     00263 PREINC1 equ     0xfe4
  00000FDB     00264 PLUSW2  equ     0xfdb
  00000FF3     00265 PRODL   equ     0xff3
               00266 
               00267 
               00268 ; Internal registers
               00269 .registers      udata_ovr       0x0000
               00270 r0x00   res     1
gpasm-0.13.7 beta               arch_io.asm 4-6-2011  14:14:36           PAGE  6


LOC  OBJECT CODE     LINE SOURCE TEXT
  VALUE
 
               00271 r0x01   res     1
               00272 r0x02   res     1
               00273 r0x03   res     1
               00274 r0x04   res     1
               00275 r0x05   res     1
               00276 
               00277 udata_arch_io_0 udata
               00278 _output_voltages        res     16
               00279 
               00280 ;--------------------------------------------------------
               00281 ; global & static initialisations
               00282 ;--------------------------------------------------------
               00283 ; I code from now on!
               00284 ; ; Starting pCode block
               00285 S_arch_io__arch_io_get_vout     code
0000 00286 _arch_io_get_vout:
               00287 ;       .line   108; arch_io.c  uint16_t arch_io_get_vout(uint8_t port)
0000 CFD9 FFE5 00288         MOVFF   FSR2L, POSTDEC1
0004 CFE1 FFD9 00289         MOVFF   FSR1L, FSR2L
0008 C000 FFE5 00290         MOVFF   r0x00, POSTDEC1
000C C000 FFE5 00291         MOVFF   r0x01, POSTDEC1
0010 0E02      00292         MOVLW   0x02
0012 CFDB F000 00293         MOVFF   PLUSW2, r0x00
               00294 ; ;multiply lit val:0x02 by variable r0x00 and store in r0x00
               00295 ; ;Unrolled 8 X 8 multiplication
               00296 ; ;FIXME: the function does not support result==WREG
               00297 ;       .line   111; arch_io.c  return output_voltages[port];
0016 90D8      00298         BCF     STATUS, 0
0018 3600      00299         RLCF    r0x00, F
001A 6A00      00300         CLRF    r0x01
001C 0E00      00301         MOVLW   LOW(_output_voltages)
001E 2600      00302         ADDWF   r0x00, F
0020 0E00      00303         MOVLW   HIGH(_output_voltages)
0022 2200      00304         ADDWFC  r0x01, F
0024 C000 FFE9 00305         MOVFF   r0x00, FSR0L
0028 C000 FFEA 00306         MOVFF   r0x01, FSR0H
002C CFEE F000 00307         MOVFF   POSTINC0, r0x00
0030 CFEF F000 00308         MOVFF   INDF0, r0x01
0034 C000 FFF3 00309         MOVFF   r0x01, PRODL
0038 5000      00310         MOVF    r0x00, W
003A CFE4 F000 00311         MOVFF   PREINC1, r0x01
003E CFE4 F000 00312         MOVFF   PREINC1, r0x00
0042 CFE4 FFD9 00313         MOVFF   PREINC1, FSR2L
0046 0012      00314         RETURN  
               00315 
               00316 ; ; Starting pCode block
               00317 S_arch_io__arch_io_set_vout     code
0000 00318 _arch_io_set_vout:
               00319 ;       .line   88; arch_io.c   void arch_io_set_vout(uint8_t port, uint16_t voltage)
0000 CFD9 FFE5 00320         MOVFF   FSR2L, POSTDEC1
0004 CFE1 FFD9 00321         MOVFF   FSR1L, FSR2L
0008 C000 FFE5 00322         MOVFF   r0x00, POSTDEC1
000C C000 FFE5 00323         MOVFF   r0x01, POSTDEC1
0010 C000 FFE5 00324         MOVFF   r0x02, POSTDEC1
gpasm-0.13.7 beta               arch_io.asm 4-6-2011  14:14:36           PAGE  7


LOC  OBJECT CODE     LINE SOURCE TEXT
  VALUE
 
0014 C000 FFE5 00325         MOVFF   r0x03, POSTDEC1
0018 C000 FFE5 00326         MOVFF   r0x04, POSTDEC1
001C 0E02      00327         MOVLW   0x02
001E CFDB F000 00328         MOVFF   PLUSW2, r0x00
0022 0E03      00329         MOVLW   0x03
0024 CFDB F000 00330         MOVFF   PLUSW2, r0x01
0028 0E04      00331         MOVLW   0x04
002A CFDB F000 00332         MOVFF   PLUSW2, r0x02
               00333 ; ;multiply lit val:0x02 by variable r0x00 and store in r0x03
               00334 ; ;Unrolled 8 X 8 multiplication
               00335 ; ;FIXME: the function does not support result==WREG
               00336 ;       .line   93; arch_io.c   output_voltages[port] = voltage;
002E 90D8      00337         BCF     STATUS, 0
0030 3400      00338         RLCF    r0x00, W
0032 6E00      00339         MOVWF   r0x03
0034 6A00      00340         CLRF    r0x04
0036 0E00      00341         MOVLW   LOW(_output_voltages)
0038 2600      00342         ADDWF   r0x03, F
003A 0E00      00343         MOVLW   HIGH(_output_voltages)
003C 2200      00344         ADDWFC  r0x04, F
003E C000 FFE9 00345         MOVFF   r0x03, FSR0L
0042 C000 FFEA 00346         MOVFF   r0x04, FSR0H
0046 C000 FFEE 00347         MOVFF   r0x01, POSTINC0
004A C000 FFEF 00348         MOVFF   r0x02, INDF0
               00349 ;       .line   95; arch_io.c   if (voltage > 0)
004E 5000      00350         MOVF    r0x01, W
0050 1000      00351         IORWF   r0x02, W
0052 E000      00352         BZ      _00133_DS_
               00353 ;       .line   97; arch_io.c   PORTD |= 1 << port;
0054 0E01      00354         MOVLW   0x01
0056 6E00      00355         MOVWF   r0x01
0058 5000      00356         MOVF    r0x00, W
005A E000      00357         BZ      _00138_DS_
005C 6CE8      00358         NEGF    WREG
005E 90D8      00359         BCF     STATUS, 0
0060 00360 _00139_DS_:
0060 3600      00361         RLCF    r0x01, F
0062 0F01      00362         ADDLW   0x01
0064 E300      00363         BNC     _00139_DS_
0066 00364 _00138_DS_:
0066 5000      00365         MOVF    r0x01, W
0068 1200      00366         IORWF   _PORTD, F
006A D000      00367         BRA     _00135_DS_
006C 00368 _00133_DS_:
               00369 ;       .line   101; arch_io.c  PORTD &= ~(1 << port);
006C 0E01      00370         MOVLW   0x01
006E 6E00      00371         MOVWF   r0x01
0070 5000      00372         MOVF    r0x00, W
0072 E000      00373         BZ      _00141_DS_
0074 6CE8      00374         NEGF    WREG
0076 90D8      00375         BCF     STATUS, 0
0078 00376 _00142_DS_:
0078 3600      00377         RLCF    r0x01, F
007A 0F01      00378         ADDLW   0x01
gpasm-0.13.7 beta               arch_io.asm 4-6-2011  14:14:36           PAGE  8


LOC  OBJECT CODE     LINE SOURCE TEXT
  VALUE
 
007C E300      00379         BNC     _00142_DS_
007E 00380 _00141_DS_:
007E 1C00      00381         COMF    r0x01, W
0080 6E00      00382         MOVWF   r0x00
0082 5000      00383         MOVF    r0x00, W
0084 1600      00384         ANDWF   _PORTD, F
0086 00385 _00135_DS_:
0086 CFE4 F000 00386         MOVFF   PREINC1, r0x04
008A CFE4 F000 00387         MOVFF   PREINC1, r0x03
008E CFE4 F000 00388         MOVFF   PREINC1, r0x02
0092 CFE4 F000 00389         MOVFF   PREINC1, r0x01
0096 CFE4 F000 00390         MOVFF   PREINC1, r0x00
009A CFE4 FFD9 00391         MOVFF   PREINC1, FSR2L
009E 0012      00392         RETURN  
               00393 
               00394 ; ; Starting pCode block
               00395 S_arch_io__arch_io_get_vin      code
0000 00396 _arch_io_get_vin:
               00397 ;       .line   62; arch_io.c   uint16_t arch_io_get_vin(uint8_t port)
0000 CFD9 FFE5 00398         MOVFF   FSR2L, POSTDEC1
0004 CFE1 FFD9 00399         MOVFF   FSR1L, FSR2L
0008 C000 FFE5 00400         MOVFF   r0x00, POSTDEC1
000C C000 FFE5 00401         MOVFF   r0x01, POSTDEC1
0010 C000 FFE5 00402         MOVFF   r0x02, POSTDEC1
0014 C000 FFE5 00403         MOVFF   r0x03, POSTDEC1
0018 C000 FFE5 00404         MOVFF   r0x04, POSTDEC1
001C C000 FFE5 00405         MOVFF   r0x05, POSTDEC1
0020 0E02      00406         MOVLW   0x02
0022 CFDB F000 00407         MOVFF   PLUSW2, r0x00
               00408 ;       .line   69; arch_io.c   ADCON0 = (port << 2) | 0x03;
0026 4400      00409         RLNCF   r0x00, W
0028 44E8      00410         RLNCF   WREG, W
002A 0BFC      00411         ANDLW   0xfc
002C 6E00      00412         MOVWF   r0x01
002E 0E03      00413         MOVLW   0x03
0030 1000      00414         IORWF   r0x01, W
0032 6E00      00415         MOVWF   _ADCON0
0034 00416 _00119_DS_:
               00417 ;       .line   73; arch_io.c   while (ADCON0 & 0x02);
0034 B200      00418         BTFSC   _ADCON0, 1
0036 D000      00419         BRA     _00119_DS_
               00420 ;       .line   74; arch_io.c   voltage = (ADRESH << 8) | ADRESL;
0038 C000 F000 00421         MOVFF   _ADRESH, r0x00
003C 6A00      00422         CLRF    r0x01
003E 5000      00423         MOVF    r0x00, W
0040 6E00      00424         MOVWF   r0x03
0042 6A00      00425         CLRF    r0x02
0044 C000 F000 00426         MOVFF   _ADRESL, r0x00
0048 6A00      00427         CLRF    r0x01
004A 5000      00428         MOVF    r0x00, W
004C 1200      00429         IORWF   r0x02, F
004E 5000      00430         MOVF    r0x01, W
0050 1200      00431         IORWF   r0x03, F
               00432 ;       .line   79; arch_io.c   voltage = (voltage << 4) | (voltage << 3);
gpasm-0.13.7 beta               arch_io.asm 4-6-2011  14:14:36           PAGE  9


LOC  OBJECT CODE     LINE SOURCE TEXT
  VALUE
 
0052 3800      00433         SWAPF   r0x03, W
0054 0BF0      00434         ANDLW   0xf0
0056 6E00      00435         MOVWF   r0x01
0058 3800      00436         SWAPF   r0x02, W
005A 6E00      00437         MOVWF   r0x00
005C 0B0F      00438         ANDLW   0x0f
005E 1A00      00439         XORWF   r0x00, F
0060 2600      00440         ADDWF   r0x01, F
0062 5000      00441         MOVF    r0x02, W
0064 6E00      00442         MOVWF   r0x04
0066 2600      00443         ADDWF   r0x04, F
0068 3400      00444         RLCF    r0x03, W
006A 6E00      00445         MOVWF   r0x05
006C 90D8      00446         BCF     STATUS, 0
006E 3600      00447         RLCF    r0x04, F
0070 3600      00448         RLCF    r0x05, F
0072 90D8      00449         BCF     STATUS, 0
0074 3600      00450         RLCF    r0x04, F
0076 3600      00451         RLCF    r0x05, F
0078 5000      00452         MOVF    r0x04, W
007A 1000      00453         IORWF   r0x00, W
007C 6E00      00454         MOVWF   r0x02
007E 5000      00455         MOVF    r0x05, W
0080 1000      00456         IORWF   r0x01, W
0082 6E00      00457         MOVWF   r0x03
               00458 ;       .line   80; arch_io.c   return voltage;
0084 C000 FFF3 00459         MOVFF   r0x03, PRODL
0088 5000      00460         MOVF    r0x02, W
008A CFE4 F000 00461         MOVFF   PREINC1, r0x05
008E CFE4 F000 00462         MOVFF   PREINC1, r0x04
0092 CFE4 F000 00463         MOVFF   PREINC1, r0x03
0096 CFE4 F000 00464         MOVFF   PREINC1, r0x02
009A CFE4 F000 00465         MOVFF   PREINC1, r0x01
009E CFE4 F000 00466         MOVFF   PREINC1, r0x00
00A2 CFE4 FFD9 00467         MOVFF   PREINC1, FSR2L
00A6 0012      00468         RETURN  
               00469 
               00470 ; ; Starting pCode block
               00471 S_arch_io__arch_io_init code
0000 00472 _arch_io_init:
               00473 ;       .line   24; arch_io.c   void arch_io_init()
0000 CFD9 FFE5 00474         MOVFF   FSR2L, POSTDEC1
0004 CFE1 FFD9 00475         MOVFF   FSR1L, FSR2L
0008 C000 FFE5 00476         MOVFF   r0x00, POSTDEC1
               00477 ;       .line   29; arch_io.c   TRISA = 0xff;   /* Ports A0-A3, A5  */
000C 0EFF      00478         MOVLW   0xff
000E 6E00      00479         MOVWF   _TRISA
               00480 ;       .line   30; arch_io.c   TRISE = 0xff;   /* Ports E0-E2      */
0010 0EFF      00481         MOVLW   0xff
0012 6E00      00482         MOVWF   _TRISE
               00483 ;       .line   38; arch_io.c   ADCON1 = 0x07;
0014 0E07      00484         MOVLW   0x07
0016 6E00      00485         MOVWF   _ADCON1
               00486 ;       .line   47; arch_io.c   ADCON2 = 0x96;
gpasm-0.13.7 beta               arch_io.asm 4-6-2011  14:14:36           PAGE 10


LOC  OBJECT CODE     LINE SOURCE TEXT
  VALUE
 
0018 0E96      00487         MOVLW   0x96
001A 6E00      00488         MOVWF   _ADCON2
               00489 ;       .line   50; arch_io.c   TRISD = 0x00;   /* Ports D0-D7  */
001C 6A00      00490         CLRF    _TRISD
               00491 ;       .line   51; arch_io.c   for(i=0; i<NUM_PORTS; i++)
001E 6A00      00492         CLRF    r0x00
0020 00493 _00105_DS_:
0020 0E08      00494         MOVLW   0x08
0022 5C00      00495         SUBWF   r0x00, W
0024 E200      00496         BC      _00109_DS_
               00497 ;       .line   53; arch_io.c   arch_io_set_vout(i, 0);
0026 0E00      00498         MOVLW   0x00
0028 6EE5      00499         MOVWF   POSTDEC1
002A 0E00      00500         MOVLW   0x00
002C 6EE5      00501         MOVWF   POSTDEC1
002E 5000      00502         MOVF    r0x00, W
0030 6EE5      00503         MOVWF   POSTDEC1
0032 EC00 F000 00504         CALL    _arch_io_set_vout
0036 0E03      00505         MOVLW   0x03
0038 26E1      00506         ADDWF   FSR1L, F
               00507 ;       .line   51; arch_io.c   for(i=0; i<NUM_PORTS; i++)
003A 2A00      00508         INCF    r0x00, F
003C D000      00509         BRA     _00105_DS_
003E 00510 _00109_DS_:
003E CFE4 F000 00511         MOVFF   PREINC1, r0x00
0042 CFE4 FFD9 00512         MOVFF   PREINC1, FSR2L
0046 0012      00513         RETURN  
               00514 
               00515 
               00516 
               00517 ; Statistics:
               00518 ; code size:      472 (0x01d8) bytes ( 0.36%)
               00519 ;                 236 (0x00ec) words
               00520 ; udata size:      16 (0x0010) bytes ( 0.89%)
               00521 ; access size:      6 (0x0006) bytes
               00522 
               00523 
gpasm-0.13.7 beta               arch_io.asm 4-6-2011  14:14:36           PAGE 11


SYMBOL TABLE
  LABEL                             VALUE 

FSR0H                             00000FEA
FSR0L                             00000FE9
FSR1L                             00000FE1
FSR2L                             00000FD9
INDF0                             00000FEF
PLUSW2                            00000FDB
POSTDEC1                          00000FE5
POSTINC0                          00000FEE
PREINC1                           00000FE4
PRODL                             00000FF3
STATUS                            00000FD8
WREG                              00000FE8
_00105_DS_                        00000020
_00109_DS_                        0000003E
_00119_DS_                        00000034
_00133_DS_                        0000006C
_00135_DS_                        00000086
_00138_DS_                        00000066
_00139_DS_                        00000060
_00141_DS_                        0000007E
_00142_DS_                        00000078
_ADCON0                           00000000
_ADCON0bits                       00000000
_ADCON1                           00000000
_ADCON1bits                       00000000
_ADCON2                           00000000
_ADCON2bits                       00000000
_ADRESH                           00000000
_ADRESL                           00000000
_BAUDCON                          00000000
_BAUDCONbits                      00000000
_BSR                              00000000
_BSRbits                          00000000
_CCP1CON                          00000000
_CCP1CONbits                      00000000
_CCP2CON                          00000000
_CCP2CONbits                      00000000
_CCPR1H                           00000000
_CCPR1L                           00000000
_CCPR2H                           00000000
_CCPR2L                           00000000
_CMCON                            00000000
_CMCONbits                        00000000
_CVRCON                           00000000
_CVRCONbits                       00000000
_ECCP1AS                          00000000
_ECCP1ASbits                      00000000
_ECCP1DEL                         00000000
_ECCP1DELbits                     00000000
_EEADR                            00000000
_EECON1                           00000000
_EECON1bits                       00000000
_EECON2                           00000000
gpasm-0.13.7 beta               arch_io.asm 4-6-2011  14:14:36           PAGE 12


LOC  OBJECT CODE     LINE SOURCE TEXT
  VALUE
 
_EEDATA                           00000000
_FSR0H                            00000000
_FSR0Hbits                        00000000
_FSR0L                            00000000
_FSR1H                            00000000
_FSR1Hbits                        00000000
_FSR1L                            00000000
_FSR2H                            00000000
_FSR2Hbits                        00000000
_FSR2L                            00000000
_HLVDCON                          00000000
_HLVDCONbits                      00000000
_INDF0                            00000000
_INDF1                            00000000
_INDF2                            00000000
_INTCON                           00000000
_INTCON2                          00000000
_INTCON2bits                      00000000
_INTCON3                          00000000
_INTCON3bits                      00000000
_INTCONbits                       00000000
_IPR1                             00000000
_IPR1bits                         00000000
_IPR2                             00000000
_IPR2bits                         00000000
_LATA                             00000000
_LATAbits                         00000000
_LATB                             00000000
_LATBbits                         00000000
_LATC                             00000000
_LATCbits                         00000000
_LATD                             00000000
_LATDbits                         00000000
_LATE                             00000000
_LATEbits                         00000000
_OSCCON                           00000000
_OSCCONbits                       00000000
_OSCTUNE                          00000000
_OSCTUNEbits                      00000000
_PCL                              00000000
_PCLATH                           00000000
_PCLATHbits                       00000000
_PCLATU                           00000000
_PCLATUbits                       00000000
_PIE1                             00000000
_PIE1bits                         00000000
_PIE2                             00000000
_PIE2bits                         00000000
_PIR1                             00000000
_PIR1bits                         00000000
_PIR2                             00000000
_PIR2bits                         00000000
_PLUSW0                           00000000
_PLUSW1                           00000000
gpasm-0.13.7 beta               arch_io.asm 4-6-2011  14:14:36           PAGE 13


LOC  OBJECT CODE     LINE SOURCE TEXT
  VALUE
 
_PLUSW2                           00000000
_PORTA                            00000000
_PORTAbits                        00000000
_PORTB                            00000000
_PORTBbits                        00000000
_PORTC                            00000000
_PORTCbits                        00000000
_PORTD                            00000000
_PORTDbits                        00000000
_PORTE                            00000000
_PORTEbits                        00000000
_POSTDEC0                         00000000
_POSTDEC1                         00000000
_POSTDEC2                         00000000
_POSTINC0                         00000000
_POSTINC1                         00000000
_POSTINC2                         00000000
_PR2                              00000000
_PREINC0                          00000000
_PREINC1                          00000000
_PREINC2                          00000000
_PRODH                            00000000
_PRODL                            00000000
_RCON                             00000000
_RCONbits                         00000000
_RCREG                            00000000
_RCSTA                            00000000
_RCSTAbits                        00000000
_SPBRG                            00000000
_SPBRGH                           00000000
_SPPCFG                           00000000
_SPPCFGbits                       00000000
_SPPCON                           00000000
_SPPCONbits                       00000000
_SPPDATA                          00000000
_SPPDATAbits                      00000000
_SPPEPS                           00000000
_SPPEPSbits                       00000000
_SSPADD                           00000000
_SSPBUF                           00000000
_SSPCON1                          00000000
_SSPCON1bits                      00000000
_SSPCON2                          00000000
_SSPCON2bits                      00000000
_SSPSTAT                          00000000
_SSPSTATbits                      00000000
_STATUS                           00000000
_STATUSbits                       00000000
_STKPTR                           00000000
_STKPTRbits                       00000000
_T0CON                            00000000
_T0CONbits                        00000000
_T1CON                            00000000
_T1CONbits                        00000000
gpasm-0.13.7 beta               arch_io.asm 4-6-2011  14:14:36           PAGE 14


LOC  OBJECT CODE     LINE SOURCE TEXT
  VALUE
 
_T2CON                            00000000
_T2CONbits                        00000000
_T3CON                            00000000
_T3CONbits                        00000000
_TABLAT                           00000000
_TBLPTRH                          00000000
_TBLPTRL                          00000000
_TBLPTRU                          00000000
_TBLPTRUbits                      00000000
_TMR0H                            00000000
_TMR0L                            00000000
_TMR1H                            00000000
_TMR1L                            00000000
_TMR2                             00000000
_TMR3H                            00000000
_TMR3L                            00000000
_TOSH                             00000000
_TOSL                             00000000
_TOSU                             00000000
_TOSUbits                         00000000
_TRISA                            00000000
_TRISAbits                        00000000
_TRISB                            00000000
_TRISBbits                        00000000
_TRISC                            00000000
_TRISCbits                        00000000
_TRISD                            00000000
_TRISDbits                        00000000
_TRISE                            00000000
_TRISEbits                        00000000
_TXREG                            00000000
_TXSTA                            00000000
_TXSTAbits                        00000000
_UADDR                            00000000
_UADDRbits                        00000000
_UCFG                             00000000
_UCFGbits                         00000000
_UCON                             00000000
_UCONbits                         00000000
_UEIE                             00000000
_UEIEbits                         00000000
_UEIR                             00000000
_UEIRbits                         00000000
_UEP0                             00000000
_UEP0bits                         00000000
_UEP1                             00000000
_UEP10                            00000000
_UEP10bits                        00000000
_UEP11                            00000000
_UEP11bits                        00000000
_UEP12                            00000000
_UEP12bits                        00000000
_UEP13                            00000000
_UEP13bits                        00000000
gpasm-0.13.7 beta               arch_io.asm 4-6-2011  14:14:36           PAGE 15


LOC  OBJECT CODE     LINE SOURCE TEXT
  VALUE
 
_UEP14                            00000000
_UEP14bits                        00000000
_UEP15                            00000000
_UEP15bits                        00000000
_UEP1bits                         00000000
_UEP2                             00000000
_UEP2bits                         00000000
_UEP3                             00000000
_UEP3bits                         00000000
_UEP4                             00000000
_UEP4bits                         00000000
_UEP5                             00000000
_UEP5bits                         00000000
_UEP6                             00000000
_UEP6bits                         00000000
_UEP7                             00000000
_UEP7bits                         00000000
_UEP8                             00000000
_UEP8bits                         00000000
_UEP9                             00000000
_UEP9bits                         00000000
_UFRMH                            00000000
_UFRMHbits                        00000000
_UFRML                            00000000
_UFRMLbits                        00000000
_UIE                              00000000
_UIEbits                          00000000
_UIR                              00000000
_UIRbits                          00000000
_USTAT                            00000000
_USTATbits                        00000000
_WDTCON                           00000000
_WDTCONbits                       00000000
_WREG                             00000000
__18F4550                         00000001
_arch_io_get_vin                  00000000
_arch_io_get_vout                 00000000
_arch_io_init                     00000000
_arch_io_set_vout                 00000000
_output_voltages                  00000000
r0x00                             00000000
r0x01                             00000001
r0x02                             00000002
r0x03                             00000003
r0x04                             00000004
r0x05                             00000005


Errors   :       0
Warnings :       0 reported,       0 suppressed
Messages :       0 reported,       0 suppressed

